#! /usr/share/iverilog-0.9.7/bin/vvp
:ivl_version "0.9.7 " "(v0_9_6)";
:vpi_time_precision + 0;
:vpi_module "system";
:vpi_module "v2005_math";
:vpi_module "va_math";
S_0xcec5a0 .scope module, "tb_INTC" "tb_INTC" 2 1;
 .timescale 0 0;
P_0xcbee68 .param/l "NUM_INTR" 2 3, +C4<010000>;
v0xd0ee50_0 .var "intr_active_i", 15 0;
v0xd0ef20_0 .var "intr_serviced_i", 0 0;
v0xd0efd0_0 .net "intr_to_service_o", 3 0, v0xd0e060_0; 1 drivers
v0xd0f080_0 .net "intr_valid_o", 0 0, v0xd0e140_0; 1 drivers
v0xd0f160_0 .var "paddr_i", 7 0;
v0xd0f210_0 .var "pclk_i", 0 0;
v0xd0f290_0 .var "penable_i", 0 0;
v0xd0f340_0 .net "prdata_o", 7 0, v0xd0e620_0; 1 drivers
v0xd0f3f0_0 .net "pready_o", 0 0, v0xd0e6c0_0; 1 drivers
v0xd0f4a0_0 .var "prst_i", 0 0;
v0xd0f550_0 .net "pslverr_o", 0 0, v0xd0e740_0; 1 drivers
v0xd0f600_0 .var "pwdata_i", 7 0;
v0xd0f6b0_0 .var "pwrite_i", 0 0;
S_0xd0ec80 .scope task, "reg_write" "reg_write" 2 92, 2 92, S_0xcec5a0;
 .timescale 0 0;
v0xd0ea50_0 .var "addr", 7 0;
v0xd0edb0_0 .var "data", 7 0;
E_0xd0df90 .event edge, v0xd0e6c0_0;
TD_tb_INTC.reg_write ;
    %wait E_0xcd7940;
    %load/v 8, v0xd0ea50_0, 8;
    %set/v v0xd0f160_0, 8, 8;
    %load/v 8, v0xd0edb0_0, 8;
    %set/v v0xd0f600_0, 8, 8;
    %set/v v0xd0f6b0_0, 1, 1;
    %set/v v0xd0f290_0, 1, 1;
T_0.0 ;
    %load/v 8, v0xd0f3f0_0, 1;
    %mov 9, 0, 2;
    %cmpi/u 8, 1, 3;
    %cmpi/u 4, 1, 1;
    %inv 6, 1;
    %jmp/0xz T_0.1, 6;
    %wait E_0xd0df90;
    %jmp T_0.0;
T_0.1 ;
    %wait E_0xcd7940;
    %set/v v0xd0f6b0_0, 0, 1;
    %set/v v0xd0f290_0, 0, 1;
    %set/v v0xd0f160_0, 0, 8;
    %set/v v0xd0f600_0, 0, 8;
    %end;
S_0xcec690 .scope module, "dut" "interrupt_controller" 2 18, 3 1, S_0xcec5a0;
 .timescale 0 0;
P_0xcdc748 .param/l "NUM_INTR" 3 12, +C4<010000>;
P_0xcdc770 .param/l "S_INTR_ACTIVE" 3 14, C4<001>;
P_0xcdc798 .param/l "S_INTR_ERROR" 3 17, C4<100>;
P_0xcdc7c0 .param/l "S_INTR_GIVEN_TO_PROC" 3 15, C4<010>;
P_0xcdc7e8 .param/l "S_INTR_SERVICED" 3 16, C4<011>;
P_0xcdc810 .param/l "S_NO_INTR" 3 13, C4<000>;
v0xcdc840_0 .var "first_match_f", 0 0;
v0xd0ddd0_0 .var "highest_priority", 3 0;
v0xd0de70_0 .var/i "i", 31 0;
v0xd0df10_0 .net "intr_active_i", 15 0, v0xd0ee50_0; 1 drivers
v0xd0dfc0_0 .net "intr_serviced_i", 0 0, v0xd0ef20_0; 1 drivers
v0xd0e060_0 .var "intr_to_service_o", 3 0;
v0xd0e140_0 .var "intr_valid_o", 0 0;
v0xd0e1e0_0 .var "intr_with_highest_prio", 3 0;
v0xd0e2d0_0 .var "next_state", 2 0;
v0xd0e370_0 .net "paddr_i", 7 0, v0xd0f160_0; 1 drivers
v0xd0e470_0 .net "pclk_i", 0 0, v0xd0f210_0; 1 drivers
v0xd0e510_0 .net "penable_i", 0 0, v0xd0f290_0; 1 drivers
v0xd0e620_0 .var "prdata_o", 7 0;
v0xd0e6c0_0 .var "pready_o", 0 0;
v0xd0e7e0 .array "priority_regA", 0 15, 7 0;
v0xd0e860_0 .net "prst_i", 0 0, v0xd0f4a0_0; 1 drivers
v0xd0e740_0 .var "pslverr_o", 0 0;
v0xd0e9b0_0 .net "pwdata_i", 7 0, v0xd0f600_0; 1 drivers
v0xd0ead0_0 .net "pwrite_i", 0 0, v0xd0f6b0_0; 1 drivers
v0xd0eb50_0 .var "state", 2 0;
E_0xcd7940 .event posedge, v0xd0e470_0;
E_0xcd81b0 .event edge, v0xd0e2d0_0;
    .scope S_0xcec690;
T_1 ;
    %wait E_0xcd81b0;
    %load/v 8, v0xd0e2d0_0, 3;
    %set/v v0xd0eb50_0, 8, 3;
    %jmp T_1;
    .thread T_1, $push;
    .scope S_0xcec690;
T_2 ;
    %wait E_0xcd7940;
    %load/v 8, v0xd0e860_0, 1;
    %mov 9, 0, 2;
    %cmpi/u 8, 1, 3;
    %jmp/0xz  T_2.0, 4;
    %set/v v0xd0e620_0, 0, 8;
    %set/v v0xd0e6c0_0, 0, 1;
    %set/v v0xd0e740_0, 0, 1;
    %set/v v0xd0e060_0, 0, 4;
    %set/v v0xd0e140_0, 0, 1;
    %set/v v0xcdc840_0, 0, 1;
    %set/v v0xd0ddd0_0, 0, 4;
    %set/v v0xd0e1e0_0, 0, 4;
    %set/v v0xd0de70_0, 0, 32;
T_2.2 ;
    %load/v 8, v0xd0de70_0, 32;
   %cmpi/s 8, 16, 32;
    %jmp/0xz T_2.3, 5;
    %ix/getv/s 3, v0xd0de70_0;
   %jmp/1 t_0, 4;
   %ix/load 1, 0, 0;
   %set/av v0xd0e7e0, 0, 8;
t_0 ;
    %ix/load 0, 1, 0;
    %load/vp0/s 8, v0xd0de70_0, 32;
    %set/v v0xd0de70_0, 8, 32;
    %jmp T_2.2;
T_2.3 ;
    %set/v v0xd0eb50_0, 0, 3;
    %set/v v0xd0e2d0_0, 0, 3;
    %jmp T_2.1;
T_2.0 ;
    %load/v 8, v0xd0e510_0, 1;
    %mov 9, 0, 2;
    %cmpi/u 8, 1, 3;
    %jmp/0xz  T_2.4, 4;
    %set/v v0xd0e6c0_0, 1, 1;
    %load/v 8, v0xd0ead0_0, 1;
    %mov 9, 0, 2;
    %cmpi/u 8, 1, 3;
    %jmp/0xz  T_2.6, 4;
    %load/v 8, v0xd0e9b0_0, 8;
    %ix/getv 3, v0xd0e370_0;
   %jmp/1 t_1, 4;
   %ix/load 1, 0, 0;
   %set/av v0xd0e7e0, 8, 8;
t_1 ;
    %jmp T_2.7;
T_2.6 ;
    %ix/getv 3, v0xd0e370_0;
    %load/av 8, v0xd0e7e0, 8;
    %set/v v0xd0e620_0, 8, 8;
T_2.7 ;
T_2.4 ;
T_2.1 ;
    %jmp T_2;
    .thread T_2;
    .scope S_0xcec690;
T_3 ;
    %wait E_0xcd7940;
    %load/v 8, v0xd0eb50_0, 3;
    %cmpi/u 8, 0, 3;
    %jmp/1 T_3.0, 6;
    %cmpi/u 8, 1, 3;
    %jmp/1 T_3.1, 6;
    %cmpi/u 8, 2, 3;
    %jmp/1 T_3.2, 6;
    %cmpi/u 8, 3, 3;
    %jmp/1 T_3.3, 6;
    %cmpi/u 8, 4, 3;
    %jmp/1 T_3.4, 6;
    %jmp T_3.5;
T_3.0 ;
    %load/v 8, v0xd0df10_0, 16;
    %mov 24, 0, 1;
    %cmpi/u 8, 0, 17;
    %inv 4, 1;
    %jmp/0xz  T_3.6, 4;
    %movi 8, 1, 3;
    %set/v v0xd0e2d0_0, 8, 3;
    %set/v v0xcdc840_0, 1, 1;
T_3.6 ;
    %jmp T_3.5;
T_3.1 ;
    %set/v v0xd0de70_0, 0, 32;
T_3.8 ;
    %load/v 8, v0xd0de70_0, 32;
   %cmpi/s 8, 16, 32;
    %jmp/0xz T_3.9, 5;
    %load/v 8, v0xd0df10_0, 16;
    %mov 24, 0, 1;
    %cmpi/u 8, 0, 17;
    %inv 4, 1;
    %jmp/0xz  T_3.10, 4;
    %load/v 8, v0xcdc840_0, 1;
    %mov 9, 0, 2;
    %cmpi/u 8, 1, 3;
    %jmp/0xz  T_3.12, 4;
    %ix/getv/s 3, v0xd0de70_0;
    %load/av 8, v0xd0e7e0, 8;
    %set/v v0xd0ddd0_0, 8, 4;
    %load/v 8, v0xd0de70_0, 32;
    %set/v v0xd0e1e0_0, 8, 4;
    %set/v v0xcdc840_0, 0, 1;
    %jmp T_3.13;
T_3.12 ;
    %load/v 8, v0xd0ddd0_0, 4;
    %mov 12, 0, 4;
    %ix/getv/s 3, v0xd0de70_0;
    %load/av 16, v0xd0e7e0, 8;
    %cmp/u 8, 16, 8;
    %jmp/0xz  T_3.14, 5;
    %ix/getv/s 3, v0xd0de70_0;
    %load/av 8, v0xd0e7e0, 8;
    %set/v v0xd0ddd0_0, 8, 4;
    %load/v 8, v0xd0de70_0, 32;
    %set/v v0xd0e1e0_0, 8, 4;
T_3.14 ;
T_3.13 ;
T_3.10 ;
    %ix/load 0, 1, 0;
    %load/vp0/s 8, v0xd0de70_0, 32;
    %set/v v0xd0de70_0, 8, 32;
    %jmp T_3.8;
T_3.9 ;
    %movi 8, 2, 3;
    %set/v v0xd0e2d0_0, 8, 3;
    %jmp T_3.5;
T_3.2 ;
    %load/v 8, v0xd0e1e0_0, 4;
    %set/v v0xd0e060_0, 8, 4;
    %set/v v0xd0e140_0, 1, 1;
    %set/v v0xcdc840_0, 1, 1;
    %movi 8, 3, 3;
    %set/v v0xd0e2d0_0, 8, 3;
    %jmp T_3.5;
T_3.3 ;
    %load/v 8, v0xd0dfc0_0, 1;
    %mov 9, 0, 2;
    %cmpi/u 8, 1, 3;
    %jmp/0xz  T_3.16, 4;
    %set/v v0xd0e060_0, 0, 4;
    %set/v v0xd0e140_0, 0, 1;
    %load/v 8, v0xd0df10_0, 16;
    %mov 24, 0, 1;
    %cmpi/u 8, 0, 17;
    %inv 4, 1;
    %jmp/0xz  T_3.18, 4;
    %movi 8, 1, 3;
    %set/v v0xd0e2d0_0, 8, 3;
    %jmp T_3.19;
T_3.18 ;
    %set/v v0xd0e2d0_0, 0, 3;
T_3.19 ;
    %jmp T_3.17;
T_3.16 ;
    %movi 8, 3, 3;
    %set/v v0xd0e2d0_0, 8, 3;
T_3.17 ;
    %jmp T_3.5;
T_3.4 ;
    %jmp T_3.5;
T_3.5 ;
    %jmp T_3;
    .thread T_3;
    .scope S_0xcec5a0;
T_4 ;
    %set/v v0xd0f210_0, 0, 1;
T_4.0 ;
    %delay 5, 0;
    %load/v 8, v0xd0f210_0, 1;
    %inv 8, 1;
    %set/v v0xd0f210_0, 8, 1;
    %jmp T_4.0;
    %end;
    .thread T_4;
    .scope S_0xcec5a0;
T_5 ;
    %set/v v0xd0f4a0_0, 1, 1;
    %set/v v0xd0ee50_0, 0, 16;
    %set/v v0xd0f160_0, 0, 8;
    %set/v v0xd0f6b0_0, 0, 1;
    %set/v v0xd0f600_0, 0, 8;
    %set/v v0xd0f290_0, 0, 1;
    %movi 8, 2, 3;
T_5.0 %cmp/s 0, 8, 3;
    %jmp/0xz T_5.1, 5;
    %add 8, 1, 3;
    %wait E_0xcd7940;
    %jmp T_5.0;
T_5.1 ;
    %set/v v0xd0f4a0_0, 0, 1;
    %set/v v0xd0ea50_0, 0, 8;
    %movi 8, 10, 8;
    %set/v v0xd0edb0_0, 8, 8;
    %fork TD_tb_INTC.reg_write, S_0xd0ec80;
    %join;
    %movi 8, 1, 8;
    %set/v v0xd0ea50_0, 8, 8;
    %movi 8, 15, 8;
    %set/v v0xd0edb0_0, 8, 8;
    %fork TD_tb_INTC.reg_write, S_0xd0ec80;
    %join;
    %movi 8, 2, 8;
    %set/v v0xd0ea50_0, 8, 8;
    %movi 8, 7, 8;
    %set/v v0xd0edb0_0, 8, 8;
    %fork TD_tb_INTC.reg_write, S_0xd0ec80;
    %join;
    %movi 8, 3, 8;
    %set/v v0xd0ea50_0, 8, 8;
    %movi 8, 5, 8;
    %set/v v0xd0edb0_0, 8, 8;
    %fork TD_tb_INTC.reg_write, S_0xd0ec80;
    %join;
    %movi 8, 4, 8;
    %set/v v0xd0ea50_0, 8, 8;
    %movi 8, 6, 8;
    %set/v v0xd0edb0_0, 8, 8;
    %fork TD_tb_INTC.reg_write, S_0xd0ec80;
    %join;
    %movi 8, 5, 8;
    %set/v v0xd0ea50_0, 8, 8;
    %movi 8, 3, 8;
    %set/v v0xd0edb0_0, 8, 8;
    %fork TD_tb_INTC.reg_write, S_0xd0ec80;
    %join;
    %movi 8, 6, 8;
    %set/v v0xd0ea50_0, 8, 8;
    %movi 8, 8, 8;
    %set/v v0xd0edb0_0, 8, 8;
    %fork TD_tb_INTC.reg_write, S_0xd0ec80;
    %join;
    %movi 8, 7, 8;
    %set/v v0xd0ea50_0, 8, 8;
    %movi 8, 4, 8;
    %set/v v0xd0edb0_0, 8, 8;
    %fork TD_tb_INTC.reg_write, S_0xd0ec80;
    %join;
    %movi 8, 8, 8;
    %set/v v0xd0ea50_0, 8, 8;
    %set/v v0xd0edb0_0, 0, 8;
    %fork TD_tb_INTC.reg_write, S_0xd0ec80;
    %join;
    %movi 8, 9, 8;
    %set/v v0xd0ea50_0, 8, 8;
    %movi 8, 1, 8;
    %set/v v0xd0edb0_0, 8, 8;
    %fork TD_tb_INTC.reg_write, S_0xd0ec80;
    %join;
    %movi 8, 10, 8;
    %set/v v0xd0ea50_0, 8, 8;
    %movi 8, 11, 8;
    %set/v v0xd0edb0_0, 8, 8;
    %fork TD_tb_INTC.reg_write, S_0xd0ec80;
    %join;
    %movi 8, 11, 8;
    %set/v v0xd0ea50_0, 8, 8;
    %movi 8, 2, 8;
    %set/v v0xd0edb0_0, 8, 8;
    %fork TD_tb_INTC.reg_write, S_0xd0ec80;
    %join;
    %movi 8, 12, 8;
    %set/v v0xd0ea50_0, 8, 8;
    %movi 8, 13, 8;
    %set/v v0xd0edb0_0, 8, 8;
    %fork TD_tb_INTC.reg_write, S_0xd0ec80;
    %join;
    %movi 8, 13, 8;
    %set/v v0xd0ea50_0, 8, 8;
    %movi 8, 9, 8;
    %set/v v0xd0edb0_0, 8, 8;
    %fork TD_tb_INTC.reg_write, S_0xd0ec80;
    %join;
    %movi 8, 14, 8;
    %set/v v0xd0ea50_0, 8, 8;
    %movi 8, 14, 8;
    %set/v v0xd0edb0_0, 8, 8;
    %fork TD_tb_INTC.reg_write, S_0xd0ec80;
    %join;
    %movi 8, 15, 8;
    %set/v v0xd0ea50_0, 8, 8;
    %movi 8, 12, 8;
    %set/v v0xd0edb0_0, 8, 8;
    %fork TD_tb_INTC.reg_write, S_0xd0ec80;
    %join;
    %vpi_func 2 66 "$random", 8, 32;
    %set/v v0xd0ee50_0, 8, 16;
    %delay 100, 0;
    %load/v 8, v0xd0ee50_0, 16;
    %mov 24, 0, 16;
    %vpi_func 2 68 "$random", 40, 32;
    %or 8, 40, 32;
    %set/v v0xd0ee50_0, 8, 16;
    %delay 1000, 0;
    %load/v 8, v0xd0ee50_0, 16;
    %mov 24, 0, 16;
    %vpi_func 2 70 "$random", 40, 32;
    %or 8, 40, 32;
    %set/v v0xd0ee50_0, 8, 16;
    %delay 2000, 0;
    %vpi_call 2 72 "$finish";
    %end;
    .thread T_5;
    .scope S_0xcec5a0;
T_6 ;
T_6.0 ;
    %wait E_0xcd7940;
    %load/v 8, v0xd0f080_0, 1;
    %mov 9, 0, 2;
    %cmpi/u 8, 1, 3;
    %jmp/0xz  T_6.1, 4;
    %delay 20, 0;
    %ix/getv 0, v0xd0efd0_0;
    %jmp/1 t_2, 4;
    %set/x0 v0xd0ee50_0, 0, 1;
t_2 ;
    %set/v v0xd0ef20_0, 1, 1;
    %delay 10, 0;
    %set/v v0xd0ef20_0, 0, 1;
T_6.1 ;
    %jmp T_6.0;
    %end;
    .thread T_6;
    .scope S_0xcec5a0;
T_7 ;
    %vpi_call 2 109 "$dumpfile", "intc.vcd";
    %vpi_call 2 110 "$dumpvars", 1'sb0, S_0xcec5a0;
    %end;
    .thread T_7;
# The file index is used to find the file name in the following table.
:file_names 4;
    "N/A";
    "<interactive>";
    "testbench.sv";
    "design.sv";
