#! /usr/share/iverilog-0.9.7/bin/vvp
:ivl_version "0.9.7 " "(v0_9_6)";
:vpi_time_precision + 0;
:vpi_module "system";
:vpi_module "v2005_math";
:vpi_module "va_math";
S_0x1f02920 .scope module, "tb_watchdog_timer" "tb_watchdog_timer" 2 1;
 .timescale 0 0;
v0x1f1d0c0_0 .var "activity_i", 0 0;
v0x1f1d190_0 .var "paddr_i", 7 0;
v0x1f1d240_0 .var "pclk_i", 0 0;
v0x1f1d2f0_0 .var "penable_i", 0 0;
v0x1f1d3d0_0 .net "prdata_o", 7 0, v0x1f1c6f0_0; 1 drivers
v0x1f1d480_0 .net "pready_o", 0 0, v0x1f1c790_0; 1 drivers
v0x1f1d500_0 .var "prst_i", 0 0;
v0x1f1d5b0_0 .net "pslverr_o", 0 0, v0x1f1c920_0; 1 drivers
v0x1f1d660_0 .var "pwdata_i", 7 0;
v0x1f1d710_0 .var "pwrite_i", 0 0;
v0x1f1d7c0_0 .net "sys_reset_o", 0 0, v0x1f1cc70_0; 1 drivers
S_0x1f1ce30 .scope task, "reg_write" "reg_write" 2 46, 2 46, S_0x1f02920;
 .timescale 0 0;
v0x1f1cf60_0 .var "addr", 7 0;
v0x1f1d020_0 .var "data", 7 0;
E_0x1f1c540 .event edge, v0x1f1c790_0;
TD_tb_watchdog_timer.reg_write ;
    %wait E_0x1eee8a0;
    %load/v 8, v0x1f1cf60_0, 8;
    %set/v v0x1f1d190_0, 8, 8;
    %load/v 8, v0x1f1d020_0, 8;
    %set/v v0x1f1d660_0, 8, 8;
    %set/v v0x1f1d710_0, 1, 1;
    %set/v v0x1f1d2f0_0, 1, 1;
T_0.0 ;
    %load/v 8, v0x1f1d480_0, 1;
    %mov 9, 0, 2;
    %cmpi/u 8, 1, 3;
    %cmpi/u 4, 1, 1;
    %inv 6, 1;
    %jmp/0xz T_0.1, 6;
    %wait E_0x1f1c540;
    %jmp T_0.0;
T_0.1 ;
    %wait E_0x1eee8a0;
    %set/v v0x1f1d710_0, 0, 1;
    %set/v v0x1f1d2f0_0, 0, 1;
    %set/v v0x1f1d190_0, 0, 8;
    %set/v v0x1f1d660_0, 0, 8;
    %end;
S_0x1f02a10 .scope module, "dut" "watchdog_timer" 2 12, 3 1, S_0x1f02920;
 .timescale 0 0;
P_0x1eda708 .param/l "S_ACTIVITY" 3 10, C4<10>;
P_0x1eda730 .param/l "S_NO_ACTIVITY" 3 9, C4<01>;
P_0x1eda758 .param/l "S_RESET" 3 8, C4<00>;
P_0x1eda780 .param/l "S_THRESHOLD_TIMEOUT" 3 11, C4<11>;
v0x1f02b00_0 .net "activity_i", 0 0, v0x1f1d0c0_0; 1 drivers
v0x1f1c380_0 .var "next_state", 2 0;
v0x1f1c420_0 .var/i "no_activity_count", 31 0;
v0x1f1c4c0_0 .net "paddr_i", 7 0, v0x1f1d190_0; 1 drivers
v0x1f1c570_0 .net "pclk_i", 0 0, v0x1f1d240_0; 1 drivers
v0x1f1c610_0 .net "penable_i", 0 0, v0x1f1d2f0_0; 1 drivers
v0x1f1c6f0_0 .var "prdata_o", 7 0;
v0x1f1c790_0 .var "pready_o", 0 0;
v0x1f1c880_0 .net "prst_i", 0 0, v0x1f1d500_0; 1 drivers
v0x1f1c920_0 .var "pslverr_o", 0 0;
v0x1f1ca20_0 .net "pwdata_i", 7 0, v0x1f1d660_0; 1 drivers
v0x1f1cac0_0 .net "pwrite_i", 0 0, v0x1f1d710_0; 1 drivers
v0x1f1cbd0_0 .var "state", 2 0;
v0x1f1cc70_0 .var "sys_reset_o", 0 0;
v0x1f1cd90_0 .var "threshold_timer_reg", 7 0;
E_0x1eee8a0 .event posedge, v0x1f1c570_0;
E_0x1ed9eb0 .event edge, v0x1f1c380_0;
    .scope S_0x1f02a10;
T_1 ;
    %wait E_0x1ed9eb0;
    %load/v 8, v0x1f1c380_0, 3;
    %set/v v0x1f1cbd0_0, 8, 3;
    %jmp T_1;
    .thread T_1, $push;
    .scope S_0x1f02a10;
T_2 ;
    %wait E_0x1eee8a0;
    %load/v 8, v0x1f1c880_0, 1;
    %mov 9, 0, 2;
    %cmpi/u 8, 1, 3;
    %jmp/0xz  T_2.0, 4;
    %set/v v0x1f1c6f0_0, 0, 8;
    %set/v v0x1f1c790_0, 0, 1;
    %set/v v0x1f1c920_0, 0, 1;
    %set/v v0x1f1cbd0_0, 0, 3;
    %set/v v0x1f1c380_0, 0, 3;
    %set/v v0x1f1cc70_0, 0, 1;
    %set/v v0x1f1c420_0, 0, 32;
    %jmp T_2.1;
T_2.0 ;
    %load/v 8, v0x1f1c610_0, 1;
    %mov 9, 0, 2;
    %cmpi/u 8, 1, 3;
    %jmp/0xz  T_2.2, 4;
    %set/v v0x1f1c790_0, 1, 1;
    %load/v 8, v0x1f1cac0_0, 1;
    %mov 9, 0, 2;
    %cmpi/u 8, 1, 3;
    %jmp/0xz  T_2.4, 4;
    %load/v 8, v0x1f1ca20_0, 8;
    %set/v v0x1f1cd90_0, 8, 8;
    %jmp T_2.5;
T_2.4 ;
    %load/v 8, v0x1f1cd90_0, 8;
    %set/v v0x1f1c6f0_0, 8, 8;
T_2.5 ;
T_2.2 ;
T_2.1 ;
    %jmp T_2;
    .thread T_2;
    .scope S_0x1f02a10;
T_3 ;
    %wait E_0x1eee8a0;
    %load/v 8, v0x1f1cbd0_0, 3;
    %cmpi/u 8, 0, 3;
    %jmp/1 T_3.0, 6;
    %cmpi/u 8, 1, 3;
    %jmp/1 T_3.1, 6;
    %cmpi/u 8, 2, 3;
    %jmp/1 T_3.2, 6;
    %cmpi/u 8, 3, 3;
    %jmp/1 T_3.3, 6;
    %jmp T_3.4;
T_3.0 ;
    %set/v v0x1f1cc70_0, 0, 1;
    %load/v 8, v0x1f02b00_0, 1;
    %mov 9, 0, 2;
    %cmpi/u 8, 1, 3;
    %jmp/0xz  T_3.5, 4;
    %movi 8, 2, 3;
    %set/v v0x1f1c380_0, 8, 3;
    %jmp T_3.6;
T_3.5 ;
    %movi 8, 1, 3;
    %set/v v0x1f1c380_0, 8, 3;
    %load/v 8, v0x1f1c420_0, 32;
    %mov 40, 39, 1;
    %addi 8, 1, 33;
    %set/v v0x1f1c420_0, 8, 32;
T_3.6 ;
    %jmp T_3.4;
T_3.1 ;
    %set/v v0x1f1cc70_0, 0, 1;
    %load/v 8, v0x1f02b00_0, 1;
    %mov 9, 0, 1;
    %cmpi/u 8, 0, 2;
    %jmp/0xz  T_3.7, 4;
    %load/v 8, v0x1f1c420_0, 32;
    %mov 40, 39, 1;
    %addi 8, 1, 33;
    %set/v v0x1f1c420_0, 8, 32;
    %load/v 8, v0x1f1c420_0, 32;
    %load/v 40, v0x1f1cd90_0, 8;
    %mov 48, 0, 24;
    %cmp/u 8, 40, 32;
    %jmp/0xz  T_3.9, 4;
    %movi 8, 3, 3;
    %set/v v0x1f1c380_0, 8, 3;
T_3.9 ;
    %jmp T_3.8;
T_3.7 ;
    %movi 8, 2, 3;
    %set/v v0x1f1c380_0, 8, 3;
T_3.8 ;
    %jmp T_3.4;
T_3.2 ;
    %set/v v0x1f1cc70_0, 0, 1;
    %set/v v0x1f1c420_0, 0, 32;
    %load/v 8, v0x1f02b00_0, 1;
    %mov 9, 0, 2;
    %cmpi/u 8, 1, 3;
    %jmp/0xz  T_3.11, 4;
    %movi 8, 2, 3;
    %set/v v0x1f1c380_0, 8, 3;
    %jmp T_3.12;
T_3.11 ;
    %movi 8, 1, 3;
    %set/v v0x1f1c380_0, 8, 3;
T_3.12 ;
    %jmp T_3.4;
T_3.3 ;
    %set/v v0x1f1cc70_0, 1, 1;
    %movi 8, 1, 3;
    %set/v v0x1f1c380_0, 8, 3;
    %set/v v0x1f1c420_0, 0, 32;
    %jmp T_3.4;
T_3.4 ;
    %jmp T_3;
    .thread T_3;
    .scope S_0x1f02920;
T_4 ;
    %set/v v0x1f1d240_0, 0, 1;
T_4.0 ;
    %delay 5, 0;
    %load/v 8, v0x1f1d240_0, 1;
    %inv 8, 1;
    %set/v v0x1f1d240_0, 8, 1;
    %jmp T_4.0;
    %end;
    .thread T_4;
    .scope S_0x1f02920;
T_5 ;
    %set/v v0x1f1d500_0, 1, 1;
    %set/v v0x1f1d0c0_0, 0, 1;
    %set/v v0x1f1d190_0, 0, 8;
    %set/v v0x1f1d710_0, 0, 1;
    %set/v v0x1f1d660_0, 0, 8;
    %set/v v0x1f1d2f0_0, 0, 1;
    %movi 8, 2, 3;
T_5.0 %cmp/s 0, 8, 3;
    %jmp/0xz T_5.1, 5;
    %add 8, 1, 3;
    %wait E_0x1eee8a0;
    %jmp T_5.0;
T_5.1 ;
    %set/v v0x1f1d500_0, 0, 1;
    %set/v v0x1f1cf60_0, 0, 8;
    %movi 8, 200, 8;
    %set/v v0x1f1d020_0, 8, 8;
    %fork TD_tb_watchdog_timer.reg_write, S_0x1f1ce30;
    %join;
    %delay 2000, 0;
    %set/v v0x1f1d0c0_0, 1, 1;
    %delay 10, 0;
    %set/v v0x1f1d0c0_0, 0, 1;
    %delay 1000, 0;
    %set/v v0x1f1d0c0_0, 1, 1;
    %delay 3000, 0;
    %vpi_call 2 43 "$finish";
    %end;
    .thread T_5;
    .scope S_0x1f02920;
T_6 ;
    %vpi_call 2 63 "$dumpfile", "intc.vcd";
    %vpi_call 2 64 "$dumpvars", 1'sb0, S_0x1f02920;
    %end;
    .thread T_6;
# The file index is used to find the file name in the following table.
:file_names 4;
    "N/A";
    "<interactive>";
    "testbench.sv";
    "design.sv";
